# JRE version: Java(TM) SE Runtime Environment (20.0.2+9) (build 20.0.2+9-78)
# Java VM: Java HotSpot(TM) 64-Bit Server VM (20.0.2+9-78, mixed mode, sharing, tiered, compressed oops, compressed class ptrs, g1 gc, windows-amd64)
GC Precious Log:
 CardTable entry size: 512
 Card Set container configuration: InlinePtr #cards 5 size 8 Array Of Cards #cards 12 size 40 Howl #buckets 4 coarsen threshold 1843 Howl Bitmap #cards 512 size 80 coarsen threshold 460 Card regions per heap region 1 cards per card region 2048
 CPUs: 8 total, 8 available
 Memory: 7916M
 Large Page Support: Disabled
 NUMA Support: Disabled
 Compressed Oops: Enabled (32-bit)
 Heap Region Size: 1M
 Heap Min Capacity: 8M
 Heap Initial Capacity: 124M
 Heap Max Capacity: 2G
 Pre-touch: Disabled
 Parallel Workers: 8
 Concurrent Workers: 2
 Concurrent Refinement Workers: 8
 Periodic GC: Disabled
Heap:
 garbage-first heap   total 111616K, used 74002K [0x0000000080000000, 0x0000000100000000)
  region size 1024K, 11 young (11264K), 5 survivors (5120K)
 Metaspace       used 78361K, committed 80640K, reserved 552960K
  class space    used 10938K, committed 12096K, reserved 421888K
GC Heap History (20 events):
Event: 43.939 GC heap before
{Heap before GC invocations=14 (full 0):
 garbage-first heap   total 100352K, used 84526K [0x0000000080000000, 0x0000000100000000)
  region size 1024K, 48 young (49152K), 7 survivors (7168K)
 Metaspace       used 57058K, committed 58880K, reserved 487424K
  class space    used 8066K, committed 8960K, reserved 421888K
}
Event: 43.947 GC heap after
{Heap after GC invocations=15 (full 0):
 garbage-first heap   total 100352K, used 46241K [0x0000000080000000, 0x0000000100000000)
  region size 1024K, 6 young (6144K), 6 survivors (6144K)
 Metaspace       used 57058K, committed 58880K, reserved 487424K
  class space    used 8066K, committed 8960K, reserved 421888K
}
Event: 46.019 GC heap before
{Heap before GC invocations=15 (full 0):
 garbage-first heap   total 100352K, used 61601K [0x0000000080000000, 0x0000000100000000)
  region size 1024K, 19 young (19456K), 6 survivors (6144K)
 Metaspace       used 57836K, committed 59712K, reserved 487424K
  class space    used 8164K, committed 9088K, reserved 421888K
}
Event: 46.028 GC heap after
{Heap after GC invocations=16 (full 0):
 garbage-first heap   total 100352K, used 51489K [0x0000000080000000, 0x0000000100000000)
  region size 1024K, 4 young (4096K), 4 survivors (4096K)
 Metaspace       used 57836K, committed 59712K, reserved 487424K
  class space    used 8164K, committed 9088K, reserved 421888K
}
Event: 49.923 GC heap before
{Heap before GC invocations=17 (full 0):
 garbage-first heap   total 100352K, used 89377K [0x0000000080000000, 0x0000000100000000)
  region size 1024K, 38 young (38912K), 4 survivors (4096K)
 Metaspace       used 61366K, committed 63232K, reserved 487424K
  class space    used 8640K, committed 9536K, reserved 421888K
}
Event: 49.927 GC heap after
{Heap after GC invocations=18 (full 0):
 garbage-first heap   total 100352K, used 56803K [0x0000000080000000, 0x0000000100000000)
  region size 1024K, 3 young (3072K), 3 survivors (3072K)
 Metaspace       used 61366K, committed 63232K, reserved 487424K
  class space    used 8640K, committed 9536K, reserved 421888K
}
Event: 53.570 GC heap before
{Heap before GC invocations=18 (full 0):
 garbage-first heap   total 100352K, used 88547K [0x0000000080000000, 0x0000000100000000)
  region size 1024K, 34 young (34816K), 3 survivors (3072K)
 Metaspace       used 63453K, committed 65344K, reserved 487424K
  class space    used 8906K, committed 9856K, reserved 421888K
}
Event: 53.574 GC heap after
{Heap after GC invocations=19 (full 0):
 garbage-first heap   total 100352K, used 57436K [0x0000000080000000, 0x0000000100000000)
  region size 1024K, 3 young (3072K), 3 survivors (3072K)
 Metaspace       used 63453K, committed 65344K, reserved 487424K
  class space    used 8906K, committed 9856K, reserved 421888K
}
Event: 59.824 GC heap before
{Heap before GC invocations=19 (full 0):
 garbage-first heap   total 100352K, used 90204K [0x0000000080000000, 0x0000000100000000)
  region size 1024K, 35 young (35840K), 3 survivors (3072K)
 Metaspace       used 66562K, committed 68608K, reserved 487424K
  class space    used 9417K, committed 10432K, reserved 421888K
}
Event: 59.830 GC heap after
{Heap after GC invocations=20 (full 0):
 garbage-first heap   total 100352K, used 58977K [0x0000000080000000, 0x0000000100000000)
  region size 1024K, 3 young (3072K), 3 survivors (3072K)
 Metaspace       used 66562K, committed 68608K, reserved 487424K
  class space    used 9417K, committed 10432K, reserved 421888K
}
Event: 63.472 GC heap before
{Heap before GC invocations=21 (full 0):
 garbage-first heap   total 101376K, used 90721K [0x0000000080000000, 0x0000000100000000)
  region size 1024K, 34 young (34816K), 3 survivors (3072K)
 Metaspace       used 68195K, committed 70272K, reserved 487424K
  class space    used 9660K, committed 10688K, reserved 421888K
}
Event: 63.476 GC heap after
{Heap after GC invocations=22 (full 0):
 garbage-first heap   total 101376K, used 59986K [0x0000000080000000, 0x0000000100000000)
  region size 1024K, 4 young (4096K), 4 survivors (4096K)
 Metaspace       used 68195K, committed 70272K, reserved 487424K
  class space    used 9660K, committed 10688K, reserved 421888K
}
Event: 65.696 GC heap before
{Heap before GC invocations=22 (full 0):
 garbage-first heap   total 101376K, used 90706K [0x0000000080000000, 0x0000000100000000)
  region size 1024K, 34 young (34816K), 4 survivors (4096K)
 Metaspace       used 69352K, committed 71488K, reserved 487424K
  class space    used 9833K, committed 10880K, reserved 421888K
}
Event: 65.701 GC heap after
{Heap after GC invocations=23 (full 0):
 garbage-first heap   total 101376K, used 62280K [0x0000000080000000, 0x0000000100000000)
  region size 1024K, 5 young (5120K), 5 survivors (5120K)
 Metaspace       used 69352K, committed 71488K, reserved 487424K
  class space    used 9833K, committed 10880K, reserved 421888K
}
Event: 68.302 GC heap before
{Heap before GC invocations=23 (full 0):
 garbage-first heap   total 101376K, used 88904K [0x0000000080000000, 0x0000000100000000)
  region size 1024K, 32 young (32768K), 5 survivors (5120K)
 Metaspace       used 70083K, committed 72320K, reserved 487424K
  class space    used 9907K, committed 11008K, reserved 421888K
}
Event: 68.307 GC heap after
{Heap after GC invocations=24 (full 0):
 garbage-first heap   total 101376K, used 64811K [0x0000000080000000, 0x0000000100000000)
  region size 1024K, 4 young (4096K), 4 survivors (4096K)
 Metaspace       used 70083K, committed 72320K, reserved 487424K
  class space    used 9907K, committed 11008K, reserved 421888K
}
Event: 71.435 GC heap before
{Heap before GC invocations=25 (full 0):
 garbage-first heap   total 111616K, used 89387K [0x0000000080000000, 0x0000000100000000)
  region size 1024K, 29 young (29696K), 4 survivors (4096K)
 Metaspace       used 72023K, committed 74176K, reserved 487424K
  class space    used 10188K, committed 11264K, reserved 421888K
}
Event: 71.440 GC heap after
{Heap after GC invocations=26 (full 0):
 garbage-first heap   total 111616K, used 66981K [0x0000000080000000, 0x0000000100000000)
  region size 1024K, 3 young (3072K), 3 survivors (3072K)
 Metaspace       used 72023K, committed 74176K, reserved 487424K
  class space    used 10188K, committed 11264K, reserved 421888K
}
Event: 77.021 GC heap before
{Heap before GC invocations=26 (full 0):
 garbage-first heap   total 111616K, used 98725K [0x0000000080000000, 0x0000000100000000)
  region size 1024K, 35 young (35840K), 3 survivors (3072K)
 Metaspace       used 75842K, committed 78144K, reserved 552960K
  class space    used 10640K, committed 11776K, reserved 421888K
}
Event: 77.027 GC heap after
{Heap after GC invocations=27 (full 0):
 garbage-first heap   total 111616K, used 68882K [0x0000000080000000, 0x0000000100000000)
  region size 1024K, 5 young (5120K), 5 survivors (5120K)
 Metaspace       used 75842K, committed 78144K, reserved 552960K
  class space    used 10640K, committed 11776K, reserved 421888K
}

